Determining if the pthread_create exist failed with the following output:
Change Dir: /home/consti/gazebo_ros/gzb_plugin_tutorial/CMakeFiles/CMakeTmp

Run Build Command:"/usr/bin/make" "cmTC_466d2/fast"
/usr/bin/make -f CMakeFiles/cmTC_466d2.dir/build.make CMakeFiles/cmTC_466d2.dir/build
make[1]: Entering directory '/home/consti/gazebo_ros/gzb_plugin_tutorial/CMakeFiles/CMakeTmp'
Building C object CMakeFiles/cmTC_466d2.dir/CheckSymbolExists.c.o
/usr/bin/cc    -o CMakeFiles/cmTC_466d2.dir/CheckSymbolExists.c.o   -c /home/consti/gazebo_ros/gzb_plugin_tutorial/CMakeFiles/CMakeTmp/CheckSymbolExists.c
Linking C executable cmTC_466d2
/opt/Xilinx/SDK/2017.4/tps/lnx64/cmake-3.3.2/bin/cmake -E cmake_link_script CMakeFiles/cmTC_466d2.dir/link.txt --verbose=1
/usr/bin/cc       CMakeFiles/cmTC_466d2.dir/CheckSymbolExists.c.o  -o cmTC_466d2 -rdynamic 
CMakeFiles/cmTC_466d2.dir/CheckSymbolExists.c.o: In function `main':
CheckSymbolExists.c:(.text+0x16): undefined reference to `pthread_create'
collect2: error: ld returned 1 exit status
CMakeFiles/cmTC_466d2.dir/build.make:97: recipe for target 'cmTC_466d2' failed
make[1]: *** [cmTC_466d2] Error 1
make[1]: Leaving directory '/home/consti/gazebo_ros/gzb_plugin_tutorial/CMakeFiles/CMakeTmp'
Makefile:126: recipe for target 'cmTC_466d2/fast' failed
make: *** [cmTC_466d2/fast] Error 2

File /home/consti/gazebo_ros/gzb_plugin_tutorial/CMakeFiles/CMakeTmp/CheckSymbolExists.c:
/* */
#include <pthread.h>

int main(int argc, char** argv)
{
  (void)argv;
#ifndef pthread_create
  return ((int*)(&pthread_create))[argc];
#else
  (void)argc;
  return 0;
#endif
}

Determining if the function pthread_create exists in the pthreads failed with the following output:
Change Dir: /home/consti/gazebo_ros/gzb_plugin_tutorial/CMakeFiles/CMakeTmp

Run Build Command:"/usr/bin/make" "cmTC_5eeeb/fast"
/usr/bin/make -f CMakeFiles/cmTC_5eeeb.dir/build.make CMakeFiles/cmTC_5eeeb.dir/build
make[1]: Entering directory '/home/consti/gazebo_ros/gzb_plugin_tutorial/CMakeFiles/CMakeTmp'
Building C object CMakeFiles/cmTC_5eeeb.dir/CheckFunctionExists.c.o
/usr/bin/cc   -DCHECK_FUNCTION_EXISTS=pthread_create   -o CMakeFiles/cmTC_5eeeb.dir/CheckFunctionExists.c.o   -c /opt/Xilinx/SDK/2017.4/tps/lnx64/cmake-3.3.2/share/cmake-3.3/Modules/CheckFunctionExists.c
Linking C executable cmTC_5eeeb
/opt/Xilinx/SDK/2017.4/tps/lnx64/cmake-3.3.2/bin/cmake -E cmake_link_script CMakeFiles/cmTC_5eeeb.dir/link.txt --verbose=1
/usr/bin/cc   -DCHECK_FUNCTION_EXISTS=pthread_create    CMakeFiles/cmTC_5eeeb.dir/CheckFunctionExists.c.o  -o cmTC_5eeeb -rdynamic -lpthreads 
/usr/bin/ld: cannot find -lpthreads
collect2: error: ld returned 1 exit status
CMakeFiles/cmTC_5eeeb.dir/build.make:97: recipe for target 'cmTC_5eeeb' failed
make[1]: *** [cmTC_5eeeb] Error 1
make[1]: Leaving directory '/home/consti/gazebo_ros/gzb_plugin_tutorial/CMakeFiles/CMakeTmp'
Makefile:126: recipe for target 'cmTC_5eeeb/fast' failed
make: *** [cmTC_5eeeb/fast] Error 2


