Determining if the pthread_create exist failed with the following output:
Change Dir: /home/osboxes/gazebo/gazebo_plugin_tutorial/build/CMakeFiles/CMakeTmp

Run Build Command:"/usr/bin/make" "cmTC_90a44/fast"
/usr/bin/make -f CMakeFiles/cmTC_90a44.dir/build.make CMakeFiles/cmTC_90a44.dir/build
make[1]: Entering directory '/home/osboxes/gazebo/gazebo_plugin_tutorial/build/CMakeFiles/CMakeTmp'
Building C object CMakeFiles/cmTC_90a44.dir/CheckSymbolExists.c.o
/usr/bin/cc     -o CMakeFiles/cmTC_90a44.dir/CheckSymbolExists.c.o   -c /home/osboxes/gazebo/gazebo_plugin_tutorial/build/CMakeFiles/CMakeTmp/CheckSymbolExists.c
Linking C executable cmTC_90a44
/usr/bin/cmake -E cmake_link_script CMakeFiles/cmTC_90a44.dir/link.txt --verbose=1
/usr/bin/cc       CMakeFiles/cmTC_90a44.dir/CheckSymbolExists.c.o  -o cmTC_90a44 -rdynamic 
CMakeFiles/cmTC_90a44.dir/CheckSymbolExists.c.o: In function `main':
CheckSymbolExists.c:(.text+0x16): undefined reference to `pthread_create'
collect2: error: ld returned 1 exit status
CMakeFiles/cmTC_90a44.dir/build.make:97: recipe for target 'cmTC_90a44' failed
make[1]: *** [cmTC_90a44] Error 1
make[1]: Leaving directory '/home/osboxes/gazebo/gazebo_plugin_tutorial/build/CMakeFiles/CMakeTmp'
Makefile:126: recipe for target 'cmTC_90a44/fast' failed
make: *** [cmTC_90a44/fast] Error 2

File /home/osboxes/gazebo/gazebo_plugin_tutorial/build/CMakeFiles/CMakeTmp/CheckSymbolExists.c:
/* */
#include <pthread.h>

int main(int argc, char** argv)
{
  (void)argv;
#ifndef pthread_create
  return ((int*)(&pthread_create))[argc];
#else
  (void)argc;
  return 0;
#endif
}

Determining if the function pthread_create exists in the pthreads failed with the following output:
Change Dir: /home/osboxes/gazebo/gazebo_plugin_tutorial/build/CMakeFiles/CMakeTmp

Run Build Command:"/usr/bin/make" "cmTC_6f56c/fast"
/usr/bin/make -f CMakeFiles/cmTC_6f56c.dir/build.make CMakeFiles/cmTC_6f56c.dir/build
make[1]: Entering directory '/home/osboxes/gazebo/gazebo_plugin_tutorial/build/CMakeFiles/CMakeTmp'
Building C object CMakeFiles/cmTC_6f56c.dir/CheckFunctionExists.c.o
/usr/bin/cc    -DCHECK_FUNCTION_EXISTS=pthread_create   -o CMakeFiles/cmTC_6f56c.dir/CheckFunctionExists.c.o   -c /usr/share/cmake-3.5/Modules/CheckFunctionExists.c
Linking C executable cmTC_6f56c
/usr/bin/cmake -E cmake_link_script CMakeFiles/cmTC_6f56c.dir/link.txt --verbose=1
/usr/bin/cc   -DCHECK_FUNCTION_EXISTS=pthread_create    CMakeFiles/cmTC_6f56c.dir/CheckFunctionExists.c.o  -o cmTC_6f56c -rdynamic -lpthreads 
/usr/bin/ld: cannot find -lpthreads
collect2: error: ld returned 1 exit status
CMakeFiles/cmTC_6f56c.dir/build.make:97: recipe for target 'cmTC_6f56c' failed
make[1]: *** [cmTC_6f56c] Error 1
make[1]: Leaving directory '/home/osboxes/gazebo/gazebo_plugin_tutorial/build/CMakeFiles/CMakeTmp'
Makefile:126: recipe for target 'cmTC_6f56c/fast' failed
make: *** [cmTC_6f56c/fast] Error 2


Determining if the pthread_create exist failed with the following output:
Change Dir: /home/osboxes/gazebo/gazebo_plugin_tutorial/build/CMakeFiles/CMakeTmp

Run Build Command:"/usr/bin/make" "cmTC_a05d9/fast"
/usr/bin/make -f CMakeFiles/cmTC_a05d9.dir/build.make CMakeFiles/cmTC_a05d9.dir/build
make[1]: Entering directory '/home/osboxes/gazebo/gazebo_plugin_tutorial/build/CMakeFiles/CMakeTmp'
Building C object CMakeFiles/cmTC_a05d9.dir/CheckSymbolExists.c.o
/usr/bin/cc     -o CMakeFiles/cmTC_a05d9.dir/CheckSymbolExists.c.o   -c /home/osboxes/gazebo/gazebo_plugin_tutorial/build/CMakeFiles/CMakeTmp/CheckSymbolExists.c
Linking C executable cmTC_a05d9
/usr/bin/cmake -E cmake_link_script CMakeFiles/cmTC_a05d9.dir/link.txt --verbose=1
/usr/bin/cc       CMakeFiles/cmTC_a05d9.dir/CheckSymbolExists.c.o  -o cmTC_a05d9 -rdynamic 
CMakeFiles/cmTC_a05d9.dir/CheckSymbolExists.c.o: In function `main':
CheckSymbolExists.c:(.text+0x16): undefined reference to `pthread_create'
collect2: error: ld returned 1 exit status
CMakeFiles/cmTC_a05d9.dir/build.make:97: recipe for target 'cmTC_a05d9' failed
make[1]: *** [cmTC_a05d9] Error 1
make[1]: Leaving directory '/home/osboxes/gazebo/gazebo_plugin_tutorial/build/CMakeFiles/CMakeTmp'
Makefile:126: recipe for target 'cmTC_a05d9/fast' failed
make: *** [cmTC_a05d9/fast] Error 2

File /home/osboxes/gazebo/gazebo_plugin_tutorial/build/CMakeFiles/CMakeTmp/CheckSymbolExists.c:
/* */
#include <pthread.h>

int main(int argc, char** argv)
{
  (void)argv;
#ifndef pthread_create
  return ((int*)(&pthread_create))[argc];
#else
  (void)argc;
  return 0;
#endif
}

Determining if the function pthread_create exists in the pthreads failed with the following output:
Change Dir: /home/osboxes/gazebo/gazebo_plugin_tutorial/build/CMakeFiles/CMakeTmp

Run Build Command:"/usr/bin/make" "cmTC_86f08/fast"
/usr/bin/make -f CMakeFiles/cmTC_86f08.dir/build.make CMakeFiles/cmTC_86f08.dir/build
make[1]: Entering directory '/home/osboxes/gazebo/gazebo_plugin_tutorial/build/CMakeFiles/CMakeTmp'
Building C object CMakeFiles/cmTC_86f08.dir/CheckFunctionExists.c.o
/usr/bin/cc    -DCHECK_FUNCTION_EXISTS=pthread_create   -o CMakeFiles/cmTC_86f08.dir/CheckFunctionExists.c.o   -c /usr/share/cmake-3.5/Modules/CheckFunctionExists.c
Linking C executable cmTC_86f08
/usr/bin/cmake -E cmake_link_script CMakeFiles/cmTC_86f08.dir/link.txt --verbose=1
/usr/bin/cc   -DCHECK_FUNCTION_EXISTS=pthread_create    CMakeFiles/cmTC_86f08.dir/CheckFunctionExists.c.o  -o cmTC_86f08 -rdynamic -lpthreads 
/usr/bin/ld: cannot find -lpthreads
collect2: error: ld returned 1 exit status
CMakeFiles/cmTC_86f08.dir/build.make:97: recipe for target 'cmTC_86f08' failed
make[1]: *** [cmTC_86f08] Error 1
make[1]: Leaving directory '/home/osboxes/gazebo/gazebo_plugin_tutorial/build/CMakeFiles/CMakeTmp'
Makefile:126: recipe for target 'cmTC_86f08/fast' failed
make: *** [cmTC_86f08/fast] Error 2


